{"C:\\project\\open-source\\allOrigins\\app.js": {"path":"C:\\project\\open-source\\allOrigins\\app.js","statementMap":{"0":{"start":{"line":7,"column":16},"end":{"line":7,"column":34}},"1":{"start":{"line":9,"column":18},"end":{"line":9,"column":43}},"2":{"start":{"line":12,"column":0},"end":{"line":12,"column":27}},"3":{"start":{"line":14,"column":24},"end":{"line":14,"column":56}},"4":{"start":{"line":16,"column":12},"end":{"line":16,"column":21}},"5":{"start":{"line":18,"column":0},"end":{"line":18,"column":40}},"6":{"start":{"line":19,"column":0},"end":{"line":19,"column":27}},"7":{"start":{"line":20,"column":0},"end":{"line":20,"column":19}},"8":{"start":{"line":22,"column":0},"end":{"line":22,"column":35}},"9":{"start":{"line":26,"column":2},"end":{"line":26,"column":70}},"10":{"start":{"line":27,"column":2},"end":{"line":27,"column":54}},"11":{"start":{"line":28,"column":2},"end":{"line":28,"column":112}},"12":{"start":{"line":29,"column":2},"end":{"line":29,"column":86}},"13":{"start":{"line":30,"column":2},"end":{"line":30,"column":45}},"14":{"start":{"line":31,"column":2},"end":{"line":31,"column":8}},"15":{"start":{"line":34,"column":0},"end":{"line":34,"column":20}}},"fnMap":{"0":{"name":"enableCORS","decl":{"start":{"line":25,"column":9},"end":{"line":25,"column":19}},"loc":{"start":{"line":25,"column":37},"end":{"line":32,"column":1}},"line":25}},"branchMap":{"0":{"loc":{"start":{"line":26,"column":44},"end":{"line":26,"column":69}},"type":"binary-expr","locations":[{"start":{"line":26,"column":44},"end":{"line":26,"column":62}},{"start":{"line":26,"column":66},"end":{"line":26,"column":69}}],"line":26}},"s":{"0":1,"1":1,"2":1,"3":1,"4":1,"5":1,"6":1,"7":1,"8":1,"9":6,"10":6,"11":6,"12":6,"13":6,"14":6,"15":1},"f":{"0":6},"b":{"0":[6,5]},"_coverageSchema":"43e27e138ebf9cfc5966b082cf9a028302ed4184","hash":"1104b77f0ef0f247628324917e5136ea3233a172"}
,"C:\\project\\open-source\\allOrigins\\redis.js": {"path":"C:\\project\\open-source\\allOrigins\\redis.js","statementMap":{"0":{"start":{"line":1,"column":14},"end":{"line":1,"column":30}},"1":{"start":{"line":2,"column":17},"end":{"line":2,"column":41}},"2":{"start":{"line":3,"column":15},"end":{"line":3,"column":43}},"3":{"start":{"line":4,"column":13},"end":{"line":4,"column":28}},"4":{"start":{"line":5,"column":0},"end":{"line":5,"column":40}},"5":{"start":{"line":7,"column":0},"end":{"line":9,"column":2}},"6":{"start":{"line":8,"column":2},"end":{"line":8,"column":25}},"7":{"start":{"line":11,"column":0},"end":{"line":13,"column":2}},"8":{"start":{"line":12,"column":2},"end":{"line":12,"column":43}},"9":{"start":{"line":14,"column":0},"end":{"line":16,"column":2}},"10":{"start":{"line":15,"column":2},"end":{"line":15,"column":24}}},"fnMap":{"0":{"name":"(anonymous_0)","decl":{"start":{"line":7,"column":19},"end":{"line":7,"column":20}},"loc":{"start":{"line":7,"column":34},"end":{"line":9,"column":1}},"line":7},"1":{"name":"(anonymous_1)","decl":{"start":{"line":11,"column":19},"end":{"line":11,"column":20}},"loc":{"start":{"line":11,"column":33},"end":{"line":13,"column":1}},"line":11},"2":{"name":"(anonymous_2)","decl":{"start":{"line":14,"column":24},"end":{"line":14,"column":25}},"loc":{"start":{"line":14,"column":30},"end":{"line":16,"column":1}},"line":14},"3":{"name":"(anonymous_3)","decl":{"start":{"line":15,"column":14},"end":{"line":15,"column":15}},"loc":{"start":{"line":15,"column":20},"end":{"line":15,"column":22}},"line":15}},"branchMap":{},"s":{"0":1,"1":1,"2":1,"3":1,"4":1,"5":1,"6":5,"7":1,"8":0,"9":1,"10":1},"f":{"0":5,"1":0,"2":1,"3":0},"b":{},"_coverageSchema":"43e27e138ebf9cfc5966b082cf9a028302ed4184","hash":"18245c1ffbed4a4a5fa61aa8896e2303fd785b66"}
,"C:\\project\\open-source\\allOrigins\\app\\get-page.js": {"path":"C:\\project\\open-source\\allOrigins\\app\\get-page.js","statementMap":{"0":{"start":{"line":1,"column":12},"end":{"line":1,"column":26}},"1":{"start":{"line":2,"column":29},"end":{"line":2,"column":48}},"2":{"start":{"line":4,"column":27},"end":{"line":4,"column":110}},"3":{"start":{"line":6,"column":0},"end":{"line":6,"column":24}},"4":{"start":{"line":9,"column":2},"end":{"line":13,"column":3}},"5":{"start":{"line":10,"column":4},"end":{"line":10,"column":27}},"6":{"start":{"line":11,"column":9},"end":{"line":13,"column":3}},"7":{"start":{"line":12,"column":4},"end":{"line":12,"column":41}},"8":{"start":{"line":15,"column":2},"end":{"line":15,"column":44}},"9":{"start":{"line":19,"column":28},"end":{"line":19,"column":54}},"10":{"start":{"line":20,"column":2},"end":{"line":20,"column":39}},"11":{"start":{"line":20,"column":13},"end":{"line":20,"column":39}},"12":{"start":{"line":22,"column":2},"end":{"line":27,"column":3}},"13":{"start":{"line":31,"column":37},"end":{"line":31,"column":70}},"14":{"start":{"line":32,"column":2},"end":{"line":32,"column":39}},"15":{"start":{"line":32,"column":13},"end":{"line":32,"column":39}},"16":{"start":{"line":34,"column":24},"end":{"line":34,"column":50}},"17":{"start":{"line":35,"column":2},"end":{"line":39,"column":3}},"18":{"start":{"line":43,"column":37},"end":{"line":43,"column":70}},"19":{"start":{"line":44,"column":2},"end":{"line":44,"column":39}},"20":{"start":{"line":44,"column":13},"end":{"line":44,"column":39}},"21":{"start":{"line":46,"column":24},"end":{"line":46,"column":50}},"22":{"start":{"line":47,"column":2},"end":{"line":55,"column":3}},"23":{"start":{"line":59,"column":2},"end":{"line":99,"column":3}},"24":{"start":{"line":61,"column":16},"end":{"line":61,"column":51}},"25":{"start":{"line":62,"column":4},"end":{"line":77,"column":5}},"26":{"start":{"line":63,"column":19},"end":{"line":63,"column":39}},"27":{"start":{"line":64,"column":16},"end":{"line":64,"column":36}},"28":{"start":{"line":66,"column":6},"end":{"line":73,"column":7}},"29":{"start":{"line":74,"column":6},"end":{"line":74,"column":40}},"30":{"start":{"line":75,"column":6},"end":{"line":75,"column":39}},"31":{"start":{"line":76,"column":6},"end":{"line":76,"column":37}},"32":{"start":{"line":78,"column":4},"end":{"line":82,"column":5}},"33":{"start":{"line":84,"column":4},"end":{"line":84,"column":38}},"34":{"start":{"line":86,"column":4},"end":{"line":86,"column":52}},"35":{"start":{"line":86,"column":35},"end":{"line":86,"column":52}},"36":{"start":{"line":87,"column":4},"end":{"line":95,"column":5}},"37":{"start":{"line":88,"column":6},"end":{"line":94,"column":7}},"38":{"start":{"line":96,"column":4},"end":{"line":96,"column":35}},"39":{"start":{"line":98,"column":4},"end":{"line":98,"column":18}},"40":{"start":{"line":103,"column":14},"end":{"line":103,"column":58}},"41":{"start":{"line":104,"column":2},"end":{"line":104,"column":12}},"42":{"start":{"line":108,"column":21},"end":{"line":108,"column":22}},"43":{"start":{"line":109,"column":2},"end":{"line":109,"column":60}},"44":{"start":{"line":109,"column":17},"end":{"line":109,"column":60}},"45":{"start":{"line":111,"column":54},"end":{"line":111,"column":62}},"46":{"start":{"line":112,"column":24},"end":{"line":112,"column":47}},"47":{"start":{"line":114,"column":2},"end":{"line":122,"column":3}}},"fnMap":{"0":{"name":"getPage","decl":{"start":{"line":8,"column":9},"end":{"line":8,"column":16}},"loc":{"start":{"line":8,"column":48},"end":{"line":16,"column":1}},"line":8},"1":{"name":"getPageInfo","decl":{"start":{"line":18,"column":15},"end":{"line":18,"column":26}},"loc":{"start":{"line":18,"column":33},"end":{"line":28,"column":1}},"line":18},"2":{"name":"getRawPage","decl":{"start":{"line":30,"column":15},"end":{"line":30,"column":25}},"loc":{"start":{"line":30,"column":47},"end":{"line":40,"column":1}},"line":30},"3":{"name":"getPageContents","decl":{"start":{"line":42,"column":15},"end":{"line":42,"column":30}},"loc":{"start":{"line":42,"column":52},"end":{"line":56,"column":1}},"line":42},"4":{"name":"request","decl":{"start":{"line":58,"column":15},"end":{"line":58,"column":22}},"loc":{"start":{"line":58,"column":44},"end":{"line":100,"column":1}},"line":58},"5":{"name":"processContent","decl":{"start":{"line":102,"column":15},"end":{"line":102,"column":29}},"loc":{"start":{"line":102,"column":41},"end":{"line":105,"column":1}},"line":102},"6":{"name":"processError","decl":{"start":{"line":107,"column":15},"end":{"line":107,"column":27}},"loc":{"start":{"line":107,"column":32},"end":{"line":123,"column":1}},"line":107}},"branchMap":{"0":{"loc":{"start":{"line":9,"column":2},"end":{"line":13,"column":3}},"type":"if","locations":[{"start":{"line":9,"column":2},"end":{"line":13,"column":3}},{"start":{"line":9,"column":2},"end":{"line":13,"column":3}}],"line":9},"1":{"loc":{"start":{"line":9,"column":6},"end":{"line":9,"column":51}},"type":"binary-expr","locations":[{"start":{"line":9,"column":6},"end":{"line":9,"column":23}},{"start":{"line":9,"column":27},"end":{"line":9,"column":51}}],"line":9},"2":{"loc":{"start":{"line":11,"column":9},"end":{"line":13,"column":3}},"type":"if","locations":[{"start":{"line":11,"column":9},"end":{"line":13,"column":3}},{"start":{"line":11,"column":9},"end":{"line":13,"column":3}}],"line":11},"3":{"loc":{"start":{"line":20,"column":2},"end":{"line":20,"column":39}},"type":"if","locations":[{"start":{"line":20,"column":2},"end":{"line":20,"column":39}},{"start":{"line":20,"column":2},"end":{"line":20,"column":39}}],"line":20},"4":{"loc":{"start":{"line":25,"column":20},"end":{"line":25,"column":61}},"type":"binary-expr","locations":[{"start":{"line":25,"column":20},"end":{"line":25,"column":55}},{"start":{"line":25,"column":59},"end":{"line":25,"column":61}}],"line":25},"5":{"loc":{"start":{"line":32,"column":2},"end":{"line":32,"column":39}},"type":"if","locations":[{"start":{"line":32,"column":2},"end":{"line":32,"column":39}},{"start":{"line":32,"column":2},"end":{"line":32,"column":39}}],"line":32},"6":{"loc":{"start":{"line":44,"column":2},"end":{"line":44,"column":39}},"type":"if","locations":[{"start":{"line":44,"column":2},"end":{"line":44,"column":39}},{"start":{"line":44,"column":2},"end":{"line":44,"column":39}}],"line":44},"7":{"loc":{"start":{"line":62,"column":4},"end":{"line":77,"column":5}},"type":"if","locations":[{"start":{"line":62,"column":4},"end":{"line":77,"column":5}},{"start":{"line":62,"column":4},"end":{"line":77,"column":5}}],"line":62},"8":{"loc":{"start":{"line":70,"column":24},"end":{"line":70,"column":68}},"type":"binary-expr","locations":[{"start":{"line":70,"column":24},"end":{"line":70,"column":46}},{"start":{"line":70,"column":50},"end":{"line":70,"column":68}}],"line":70},"9":{"loc":{"start":{"line":81,"column":30},"end":{"line":81,"column":74}},"type":"binary-expr","locations":[{"start":{"line":81,"column":30},"end":{"line":81,"column":52}},{"start":{"line":81,"column":56},"end":{"line":81,"column":74}}],"line":81},"10":{"loc":{"start":{"line":86,"column":4},"end":{"line":86,"column":52}},"type":"if","locations":[{"start":{"line":86,"column":4},"end":{"line":86,"column":52}},{"start":{"line":86,"column":4},"end":{"line":86,"column":52}}],"line":86},"11":{"loc":{"start":{"line":87,"column":4},"end":{"line":95,"column":5}},"type":"if","locations":[{"start":{"line":87,"column":4},"end":{"line":95,"column":5}},{"start":{"line":87,"column":4},"end":{"line":95,"column":5}}],"line":87},"12":{"loc":{"start":{"line":109,"column":2},"end":{"line":109,"column":60}},"type":"if","locations":[{"start":{"line":109,"column":2},"end":{"line":109,"column":60}},{"start":{"line":109,"column":2},"end":{"line":109,"column":60}}],"line":109}},"s":{"0":1,"1":1,"2":1,"3":1,"4":5,"5":1,"6":4,"7":1,"8":3,"9":1,"10":1,"11":0,"12":1,"13":1,"14":1,"15":0,"16":1,"17":1,"18":3,"19":3,"20":1,"21":2,"22":2,"23":5,"24":5,"25":5,"26":0,"27":0,"28":0,"29":0,"30":0,"31":0,"32":5,"33":5,"34":4,"35":1,"36":3,"37":0,"38":3,"39":1,"40":3,"41":3,"42":1,"43":1,"44":0,"45":1,"46":1,"47":1},"f":{"0":5,"1":1,"2":1,"3":3,"4":5,"5":3,"6":1},"b":{"0":[1,4],"1":[5,4],"2":[1,3],"3":[0,1],"4":[1,1],"5":[0,1],"6":[1,2],"7":[0,5],"8":[0,0],"9":[5,5],"10":[1,3],"11":[0,3],"12":[0,1]},"_coverageSchema":"43e27e138ebf9cfc5966b082cf9a028302ed4184","hash":"346e95d9f09fe4b25255d08eefb3757a9a2005fb"}
,"C:\\project\\open-source\\allOrigins\\app\\process-request.js": {"path":"C:\\project\\open-source\\allOrigins\\app\\process-request.js","statementMap":{"0":{"start":{"line":1,"column":16},"end":{"line":1,"column":37}},"1":{"start":{"line":3,"column":0},"end":{"line":3,"column":31}},"2":{"start":{"line":6,"column":2},"end":{"line":8,"column":3}},"3":{"start":{"line":7,"column":4},"end":{"line":7,"column":20}},"4":{"start":{"line":10,"column":20},"end":{"line":10,"column":30}},"5":{"start":{"line":11,"column":17},"end":{"line":11,"column":33}},"6":{"start":{"line":12,"column":15},"end":{"line":12,"column":36}},"7":{"start":{"line":13,"column":2},"end":{"line":13,"column":53}},"8":{"start":{"line":17,"column":17},"end":{"line":21,"column":3}},"9":{"start":{"line":22,"column":2},"end":{"line":22,"column":65}},"10":{"start":{"line":23,"column":2},"end":{"line":23,"column":57}},"11":{"start":{"line":24,"column":2},"end":{"line":24,"column":15}},"12":{"start":{"line":28,"column":2},"end":{"line":28,"column":39}},"13":{"start":{"line":30,"column":2},"end":{"line":32,"column":3}},"14":{"start":{"line":31,"column":4},"end":{"line":31,"column":17}},"15":{"start":{"line":33,"column":2},"end":{"line":33,"column":14}},"16":{"start":{"line":37,"column":2},"end":{"line":41,"column":3}},"17":{"start":{"line":38,"column":4},"end":{"line":38,"column":49}},"18":{"start":{"line":39,"column":4},"end":{"line":39,"column":45}},"19":{"start":{"line":40,"column":4},"end":{"line":40,"column":33}},"20":{"start":{"line":43,"column":2},"end":{"line":45,"column":50}},"21":{"start":{"line":44,"column":0},"end":{"line":44,"column":70}},"22":{"start":{"line":45,"column":7},"end":{"line":45,"column":50}},"23":{"start":{"line":47,"column":2},"end":{"line":48,"column":50}},"24":{"start":{"line":47,"column":19},"end":{"line":47,"column":69}},"25":{"start":{"line":48,"column":7},"end":{"line":48,"column":50}},"26":{"start":{"line":50,"column":2},"end":{"line":50,"column":45}},"27":{"start":{"line":50,"column":23},"end":{"line":50,"column":45}},"28":{"start":{"line":51,"column":2},"end":{"line":51,"column":39}}},"fnMap":{"0":{"name":"processRequest","decl":{"start":{"line":5,"column":15},"end":{"line":5,"column":29}},"loc":{"start":{"line":5,"column":41},"end":{"line":14,"column":1}},"line":5},"1":{"name":"parseParams","decl":{"start":{"line":16,"column":9},"end":{"line":16,"column":20}},"loc":{"start":{"line":16,"column":27},"end":{"line":25,"column":1}},"line":16},"2":{"name":"parseRequestMethod","decl":{"start":{"line":27,"column":9},"end":{"line":27,"column":27}},"loc":{"start":{"line":27,"column":37},"end":{"line":34,"column":1}},"line":27},"3":{"name":"createResponse","decl":{"start":{"line":36,"column":9},"end":{"line":36,"column":23}},"loc":{"start":{"line":36,"column":55},"end":{"line":52,"column":1}},"line":36}},"branchMap":{"0":{"loc":{"start":{"line":6,"column":2},"end":{"line":8,"column":3}},"type":"if","locations":[{"start":{"line":6,"column":2},"end":{"line":8,"column":3}},{"start":{"line":6,"column":2},"end":{"line":8,"column":3}}],"line":6},"1":{"loc":{"start":{"line":23,"column":19},"end":{"line":23,"column":42}},"type":"binary-expr","locations":[{"start":{"line":23,"column":19},"end":{"line":23,"column":32}},{"start":{"line":23,"column":36},"end":{"line":23,"column":42}}],"line":23},"2":{"loc":{"start":{"line":28,"column":12},"end":{"line":28,"column":24}},"type":"binary-expr","locations":[{"start":{"line":28,"column":12},"end":{"line":28,"column":18}},{"start":{"line":28,"column":22},"end":{"line":28,"column":24}}],"line":28},"3":{"loc":{"start":{"line":30,"column":2},"end":{"line":32,"column":3}},"type":"if","locations":[{"start":{"line":30,"column":2},"end":{"line":32,"column":3}},{"start":{"line":30,"column":2},"end":{"line":32,"column":3}}],"line":30},"4":{"loc":{"start":{"line":37,"column":2},"end":{"line":41,"column":3}},"type":"if","locations":[{"start":{"line":37,"column":2},"end":{"line":41,"column":3}},{"start":{"line":37,"column":2},"end":{"line":41,"column":3}}],"line":37},"5":{"loc":{"start":{"line":37,"column":6},"end":{"line":37,"column":59}},"type":"binary-expr","locations":[{"start":{"line":37,"column":6},"end":{"line":37,"column":29}},{"start":{"line":37,"column":33},"end":{"line":37,"column":59}}],"line":37},"6":{"loc":{"start":{"line":37,"column":35},"end":{"line":37,"column":52}},"type":"binary-expr","locations":[{"start":{"line":37,"column":35},"end":{"line":37,"column":46}},{"start":{"line":37,"column":50},"end":{"line":37,"column":52}}],"line":37},"7":{"loc":{"start":{"line":43,"column":2},"end":{"line":45,"column":50}},"type":"if","locations":[{"start":{"line":43,"column":2},"end":{"line":45,"column":50}},{"start":{"line":43,"column":2},"end":{"line":45,"column":50}}],"line":43},"8":{"loc":{"start":{"line":47,"column":2},"end":{"line":48,"column":50}},"type":"if","locations":[{"start":{"line":47,"column":2},"end":{"line":48,"column":50}},{"start":{"line":47,"column":2},"end":{"line":48,"column":50}}],"line":47},"9":{"loc":{"start":{"line":50,"column":2},"end":{"line":50,"column":45}},"type":"if","locations":[{"start":{"line":50,"column":2},"end":{"line":50,"column":45}},{"start":{"line":50,"column":2},"end":{"line":50,"column":45}}],"line":50}},"s":{"0":1,"1":1,"2":6,"3":1,"4":5,"5":5,"6":5,"7":5,"8":5,"9":5,"10":5,"11":5,"12":5,"13":5,"14":1,"15":4,"16":5,"17":1,"18":1,"19":1,"20":4,"21":0,"22":4,"23":4,"24":3,"25":1,"26":4,"27":0,"28":4},"f":{"0":6,"1":5,"2":5,"3":5},"b":{"0":[1,5],"1":[5,0],"2":[5,0],"3":[1,4],"4":[1,4],"5":[5,1],"6":[1,1],"7":[0,4],"8":[3,1],"9":[0,4]},"_coverageSchema":"43e27e138ebf9cfc5966b082cf9a028302ed4184","hash":"a95f857775e17f7303b40c8b713777443fcc94fd"}
}
