{"C:\\project\\open-source\\allOrigins\\app.js": {"path":"C:\\project\\open-source\\allOrigins\\app.js","statementMap":{"0":{"start":{"line":7,"column":16},"end":{"line":7,"column":34}},"1":{"start":{"line":9,"column":18},"end":{"line":9,"column":43}},"2":{"start":{"line":12,"column":0},"end":{"line":12,"column":27}},"3":{"start":{"line":14,"column":24},"end":{"line":14,"column":56}},"4":{"start":{"line":16,"column":12},"end":{"line":16,"column":21}},"5":{"start":{"line":18,"column":0},"end":{"line":18,"column":40}},"6":{"start":{"line":19,"column":0},"end":{"line":19,"column":27}},"7":{"start":{"line":20,"column":0},"end":{"line":20,"column":19}},"8":{"start":{"line":22,"column":0},"end":{"line":22,"column":35}},"9":{"start":{"line":26,"column":2},"end":{"line":26,"column":70}},"10":{"start":{"line":27,"column":2},"end":{"line":27,"column":54}},"11":{"start":{"line":28,"column":2},"end":{"line":28,"column":112}},"12":{"start":{"line":29,"column":2},"end":{"line":29,"column":86}},"13":{"start":{"line":30,"column":2},"end":{"line":30,"column":45}},"14":{"start":{"line":31,"column":2},"end":{"line":31,"column":8}},"15":{"start":{"line":34,"column":0},"end":{"line":34,"column":20}}},"fnMap":{"0":{"name":"enableCORS","decl":{"start":{"line":25,"column":9},"end":{"line":25,"column":19}},"loc":{"start":{"line":25,"column":37},"end":{"line":32,"column":1}},"line":25}},"branchMap":{"0":{"loc":{"start":{"line":26,"column":44},"end":{"line":26,"column":69}},"type":"binary-expr","locations":[{"start":{"line":26,"column":44},"end":{"line":26,"column":62}},{"start":{"line":26,"column":66},"end":{"line":26,"column":69}}],"line":26}},"s":{"0":1,"1":1,"2":1,"3":1,"4":1,"5":1,"6":1,"7":1,"8":1,"9":6,"10":6,"11":6,"12":6,"13":6,"14":6,"15":1},"f":{"0":6},"b":{"0":[6,5]},"_coverageSchema":"43e27e138ebf9cfc5966b082cf9a028302ed4184","hash":"1104b77f0ef0f247628324917e5136ea3233a172"}
,"C:\\project\\open-source\\allOrigins\\redis.js": {"path":"C:\\project\\open-source\\allOrigins\\redis.js","statementMap":{"0":{"start":{"line":1,"column":14},"end":{"line":1,"column":30}},"1":{"start":{"line":2,"column":17},"end":{"line":2,"column":66}},"2":{"start":{"line":3,"column":15},"end":{"line":3,"column":43}},"3":{"start":{"line":4,"column":13},"end":{"line":4,"column":28}},"4":{"start":{"line":5,"column":0},"end":{"line":5,"column":40}},"5":{"start":{"line":7,"column":0},"end":{"line":9,"column":2}},"6":{"start":{"line":8,"column":2},"end":{"line":8,"column":25}},"7":{"start":{"line":11,"column":0},"end":{"line":13,"column":2}},"8":{"start":{"line":12,"column":2},"end":{"line":12,"column":43}},"9":{"start":{"line":14,"column":0},"end":{"line":16,"column":2}},"10":{"start":{"line":15,"column":2},"end":{"line":15,"column":24}}},"fnMap":{"0":{"name":"(anonymous_0)","decl":{"start":{"line":7,"column":19},"end":{"line":7,"column":20}},"loc":{"start":{"line":7,"column":34},"end":{"line":9,"column":1}},"line":7},"1":{"name":"(anonymous_1)","decl":{"start":{"line":11,"column":19},"end":{"line":11,"column":20}},"loc":{"start":{"line":11,"column":33},"end":{"line":13,"column":1}},"line":11},"2":{"name":"(anonymous_2)","decl":{"start":{"line":14,"column":24},"end":{"line":14,"column":25}},"loc":{"start":{"line":14,"column":30},"end":{"line":16,"column":1}},"line":14},"3":{"name":"(anonymous_3)","decl":{"start":{"line":15,"column":14},"end":{"line":15,"column":15}},"loc":{"start":{"line":15,"column":20},"end":{"line":15,"column":22}},"line":15}},"branchMap":{"0":{"loc":{"start":{"line":2,"column":17},"end":{"line":2,"column":66}},"type":"binary-expr","locations":[{"start":{"line":2,"column":17},"end":{"line":2,"column":38}},{"start":{"line":2,"column":42},"end":{"line":2,"column":66}}],"line":2}},"s":{"0":1,"1":1,"2":1,"3":1,"4":1,"5":1,"6":5,"7":1,"8":0,"9":1,"10":1},"f":{"0":5,"1":0,"2":1,"3":0},"b":{"0":[1,1]},"_coverageSchema":"43e27e138ebf9cfc5966b082cf9a028302ed4184","hash":"99f10051fe814ccde083affe3e869b28221cd755"}
,"C:\\project\\open-source\\allOrigins\\app\\get-page.js": {"path":"C:\\project\\open-source\\allOrigins\\app\\get-page.js","statementMap":{"0":{"start":{"line":1,"column":12},"end":{"line":1,"column":26}},"1":{"start":{"line":2,"column":29},"end":{"line":2,"column":48}},"2":{"start":{"line":4,"column":27},"end":{"line":4,"column":110}},"3":{"start":{"line":6,"column":0},"end":{"line":6,"column":24}},"4":{"start":{"line":9,"column":2},"end":{"line":13,"column":3}},"5":{"start":{"line":10,"column":4},"end":{"line":10,"column":27}},"6":{"start":{"line":11,"column":9},"end":{"line":13,"column":3}},"7":{"start":{"line":12,"column":4},"end":{"line":12,"column":41}},"8":{"start":{"line":15,"column":2},"end":{"line":15,"column":44}},"9":{"start":{"line":19,"column":28},"end":{"line":19,"column":54}},"10":{"start":{"line":20,"column":2},"end":{"line":20,"column":39}},"11":{"start":{"line":20,"column":13},"end":{"line":20,"column":39}},"12":{"start":{"line":22,"column":2},"end":{"line":27,"column":3}},"13":{"start":{"line":31,"column":37},"end":{"line":31,"column":70}},"14":{"start":{"line":32,"column":2},"end":{"line":32,"column":39}},"15":{"start":{"line":32,"column":13},"end":{"line":32,"column":39}},"16":{"start":{"line":34,"column":24},"end":{"line":34,"column":50}},"17":{"start":{"line":35,"column":2},"end":{"line":39,"column":3}},"18":{"start":{"line":43,"column":37},"end":{"line":43,"column":70}},"19":{"start":{"line":44,"column":2},"end":{"line":44,"column":39}},"20":{"start":{"line":44,"column":13},"end":{"line":44,"column":39}},"21":{"start":{"line":46,"column":24},"end":{"line":46,"column":50}},"22":{"start":{"line":47,"column":2},"end":{"line":55,"column":3}},"23":{"start":{"line":59,"column":2},"end":{"line":94,"column":3}},"24":{"start":{"line":61,"column":20},"end":{"line":67,"column":5}},"25":{"start":{"line":68,"column":16},"end":{"line":68,"column":51}},"26":{"start":{"line":69,"column":4},"end":{"line":77,"column":5}},"27":{"start":{"line":70,"column":30},"end":{"line":70,"column":45}},"28":{"start":{"line":72,"column":6},"end":{"line":72,"column":42}},"29":{"start":{"line":74,"column":6},"end":{"line":74,"column":40}},"30":{"start":{"line":75,"column":6},"end":{"line":75,"column":39}},"31":{"start":{"line":76,"column":6},"end":{"line":76,"column":37}},"32":{"start":{"line":79,"column":4},"end":{"line":79,"column":38}},"33":{"start":{"line":81,"column":4},"end":{"line":81,"column":52}},"34":{"start":{"line":81,"column":35},"end":{"line":81,"column":52}},"35":{"start":{"line":82,"column":4},"end":{"line":90,"column":5}},"36":{"start":{"line":83,"column":6},"end":{"line":89,"column":7}},"37":{"start":{"line":91,"column":4},"end":{"line":91,"column":35}},"38":{"start":{"line":93,"column":4},"end":{"line":93,"column":18}},"39":{"start":{"line":98,"column":14},"end":{"line":98,"column":58}},"40":{"start":{"line":99,"column":2},"end":{"line":99,"column":12}},"41":{"start":{"line":103,"column":21},"end":{"line":103,"column":22}},"42":{"start":{"line":104,"column":2},"end":{"line":104,"column":60}},"43":{"start":{"line":104,"column":17},"end":{"line":104,"column":60}},"44":{"start":{"line":106,"column":54},"end":{"line":106,"column":62}},"45":{"start":{"line":107,"column":24},"end":{"line":107,"column":47}},"46":{"start":{"line":109,"column":2},"end":{"line":117,"column":3}}},"fnMap":{"0":{"name":"getPage","decl":{"start":{"line":8,"column":9},"end":{"line":8,"column":16}},"loc":{"start":{"line":8,"column":48},"end":{"line":16,"column":1}},"line":8},"1":{"name":"getPageInfo","decl":{"start":{"line":18,"column":15},"end":{"line":18,"column":26}},"loc":{"start":{"line":18,"column":33},"end":{"line":28,"column":1}},"line":18},"2":{"name":"getRawPage","decl":{"start":{"line":30,"column":15},"end":{"line":30,"column":25}},"loc":{"start":{"line":30,"column":47},"end":{"line":40,"column":1}},"line":30},"3":{"name":"getPageContents","decl":{"start":{"line":42,"column":15},"end":{"line":42,"column":30}},"loc":{"start":{"line":42,"column":52},"end":{"line":56,"column":1}},"line":42},"4":{"name":"request","decl":{"start":{"line":58,"column":15},"end":{"line":58,"column":22}},"loc":{"start":{"line":58,"column":44},"end":{"line":95,"column":1}},"line":58},"5":{"name":"processContent","decl":{"start":{"line":97,"column":15},"end":{"line":97,"column":29}},"loc":{"start":{"line":97,"column":41},"end":{"line":100,"column":1}},"line":97},"6":{"name":"processError","decl":{"start":{"line":102,"column":15},"end":{"line":102,"column":27}},"loc":{"start":{"line":102,"column":32},"end":{"line":118,"column":1}},"line":102}},"branchMap":{"0":{"loc":{"start":{"line":9,"column":2},"end":{"line":13,"column":3}},"type":"if","locations":[{"start":{"line":9,"column":2},"end":{"line":13,"column":3}},{"start":{"line":9,"column":2},"end":{"line":13,"column":3}}],"line":9},"1":{"loc":{"start":{"line":9,"column":6},"end":{"line":9,"column":51}},"type":"binary-expr","locations":[{"start":{"line":9,"column":6},"end":{"line":9,"column":23}},{"start":{"line":9,"column":27},"end":{"line":9,"column":51}}],"line":9},"2":{"loc":{"start":{"line":11,"column":9},"end":{"line":13,"column":3}},"type":"if","locations":[{"start":{"line":11,"column":9},"end":{"line":13,"column":3}},{"start":{"line":11,"column":9},"end":{"line":13,"column":3}}],"line":11},"3":{"loc":{"start":{"line":20,"column":2},"end":{"line":20,"column":39}},"type":"if","locations":[{"start":{"line":20,"column":2},"end":{"line":20,"column":39}},{"start":{"line":20,"column":2},"end":{"line":20,"column":39}}],"line":20},"4":{"loc":{"start":{"line":25,"column":20},"end":{"line":25,"column":61}},"type":"binary-expr","locations":[{"start":{"line":25,"column":20},"end":{"line":25,"column":55}},{"start":{"line":25,"column":59},"end":{"line":25,"column":61}}],"line":25},"5":{"loc":{"start":{"line":32,"column":2},"end":{"line":32,"column":39}},"type":"if","locations":[{"start":{"line":32,"column":2},"end":{"line":32,"column":39}},{"start":{"line":32,"column":2},"end":{"line":32,"column":39}}],"line":32},"6":{"loc":{"start":{"line":44,"column":2},"end":{"line":44,"column":39}},"type":"if","locations":[{"start":{"line":44,"column":2},"end":{"line":44,"column":39}},{"start":{"line":44,"column":2},"end":{"line":44,"column":39}}],"line":44},"7":{"loc":{"start":{"line":65,"column":22},"end":{"line":65,"column":66}},"type":"binary-expr","locations":[{"start":{"line":65,"column":22},"end":{"line":65,"column":44}},{"start":{"line":65,"column":48},"end":{"line":65,"column":66}}],"line":65},"8":{"loc":{"start":{"line":69,"column":4},"end":{"line":77,"column":5}},"type":"if","locations":[{"start":{"line":69,"column":4},"end":{"line":77,"column":5}},{"start":{"line":69,"column":4},"end":{"line":77,"column":5}}],"line":69},"9":{"loc":{"start":{"line":81,"column":4},"end":{"line":81,"column":52}},"type":"if","locations":[{"start":{"line":81,"column":4},"end":{"line":81,"column":52}},{"start":{"line":81,"column":4},"end":{"line":81,"column":52}}],"line":81},"10":{"loc":{"start":{"line":82,"column":4},"end":{"line":90,"column":5}},"type":"if","locations":[{"start":{"line":82,"column":4},"end":{"line":90,"column":5}},{"start":{"line":82,"column":4},"end":{"line":90,"column":5}}],"line":82},"11":{"loc":{"start":{"line":104,"column":2},"end":{"line":104,"column":60}},"type":"if","locations":[{"start":{"line":104,"column":2},"end":{"line":104,"column":60}},{"start":{"line":104,"column":2},"end":{"line":104,"column":60}}],"line":104}},"s":{"0":1,"1":1,"2":1,"3":1,"4":5,"5":1,"6":4,"7":1,"8":3,"9":1,"10":1,"11":0,"12":1,"13":1,"14":1,"15":0,"16":1,"17":1,"18":3,"19":3,"20":1,"21":2,"22":2,"23":5,"24":5,"25":5,"26":5,"27":0,"28":0,"29":0,"30":0,"31":0,"32":5,"33":4,"34":1,"35":3,"36":0,"37":3,"38":1,"39":3,"40":3,"41":1,"42":1,"43":0,"44":1,"45":1,"46":1},"f":{"0":5,"1":1,"2":1,"3":3,"4":5,"5":3,"6":1},"b":{"0":[1,4],"1":[5,4],"2":[1,3],"3":[0,1],"4":[1,1],"5":[0,1],"6":[1,2],"7":[5,5],"8":[0,5],"9":[1,3],"10":[0,3],"11":[0,1]},"_coverageSchema":"43e27e138ebf9cfc5966b082cf9a028302ed4184","hash":"6f0cb1b2a674d7b8af981a05ed376099d1a9438d"}
,"C:\\project\\open-source\\allOrigins\\app\\process-request.js": {"path":"C:\\project\\open-source\\allOrigins\\app\\process-request.js","statementMap":{"0":{"start":{"line":1,"column":16},"end":{"line":1,"column":37}},"1":{"start":{"line":3,"column":0},"end":{"line":3,"column":31}},"2":{"start":{"line":6,"column":4},"end":{"line":8,"column":5}},"3":{"start":{"line":7,"column":8},"end":{"line":7,"column":24}},"4":{"start":{"line":10,"column":22},"end":{"line":10,"column":32}},"5":{"start":{"line":11,"column":19},"end":{"line":11,"column":35}},"6":{"start":{"line":12,"column":17},"end":{"line":12,"column":38}},"7":{"start":{"line":13,"column":4},"end":{"line":13,"column":55}},"8":{"start":{"line":17,"column":19},"end":{"line":21,"column":5}},"9":{"start":{"line":22,"column":4},"end":{"line":22,"column":67}},"10":{"start":{"line":23,"column":4},"end":{"line":23,"column":59}},"11":{"start":{"line":24,"column":4},"end":{"line":24,"column":17}},"12":{"start":{"line":28,"column":4},"end":{"line":28,"column":41}},"13":{"start":{"line":30,"column":4},"end":{"line":32,"column":5}},"14":{"start":{"line":31,"column":8},"end":{"line":31,"column":21}},"15":{"start":{"line":33,"column":4},"end":{"line":33,"column":16}},"16":{"start":{"line":37,"column":4},"end":{"line":41,"column":5}},"17":{"start":{"line":38,"column":8},"end":{"line":38,"column":53}},"18":{"start":{"line":39,"column":8},"end":{"line":39,"column":49}},"19":{"start":{"line":40,"column":8},"end":{"line":40,"column":37}},"20":{"start":{"line":43,"column":4},"end":{"line":45,"column":54}},"21":{"start":{"line":44,"column":8},"end":{"line":44,"column":78}},"22":{"start":{"line":45,"column":11},"end":{"line":45,"column":54}},"23":{"start":{"line":47,"column":4},"end":{"line":48,"column":52}},"24":{"start":{"line":47,"column":21},"end":{"line":47,"column":71}},"25":{"start":{"line":48,"column":9},"end":{"line":48,"column":52}},"26":{"start":{"line":50,"column":4},"end":{"line":50,"column":47}},"27":{"start":{"line":50,"column":25},"end":{"line":50,"column":47}},"28":{"start":{"line":51,"column":4},"end":{"line":51,"column":41}}},"fnMap":{"0":{"name":"processRequest","decl":{"start":{"line":5,"column":15},"end":{"line":5,"column":29}},"loc":{"start":{"line":5,"column":41},"end":{"line":14,"column":1}},"line":5},"1":{"name":"parseParams","decl":{"start":{"line":16,"column":9},"end":{"line":16,"column":20}},"loc":{"start":{"line":16,"column":27},"end":{"line":25,"column":1}},"line":16},"2":{"name":"parseRequestMethod","decl":{"start":{"line":27,"column":9},"end":{"line":27,"column":27}},"loc":{"start":{"line":27,"column":37},"end":{"line":34,"column":1}},"line":27},"3":{"name":"createResponse","decl":{"start":{"line":36,"column":9},"end":{"line":36,"column":23}},"loc":{"start":{"line":36,"column":55},"end":{"line":52,"column":1}},"line":36}},"branchMap":{"0":{"loc":{"start":{"line":6,"column":4},"end":{"line":8,"column":5}},"type":"if","locations":[{"start":{"line":6,"column":4},"end":{"line":8,"column":5}},{"start":{"line":6,"column":4},"end":{"line":8,"column":5}}],"line":6},"1":{"loc":{"start":{"line":23,"column":21},"end":{"line":23,"column":44}},"type":"binary-expr","locations":[{"start":{"line":23,"column":21},"end":{"line":23,"column":34}},{"start":{"line":23,"column":38},"end":{"line":23,"column":44}}],"line":23},"2":{"loc":{"start":{"line":28,"column":14},"end":{"line":28,"column":26}},"type":"binary-expr","locations":[{"start":{"line":28,"column":14},"end":{"line":28,"column":20}},{"start":{"line":28,"column":24},"end":{"line":28,"column":26}}],"line":28},"3":{"loc":{"start":{"line":30,"column":4},"end":{"line":32,"column":5}},"type":"if","locations":[{"start":{"line":30,"column":4},"end":{"line":32,"column":5}},{"start":{"line":30,"column":4},"end":{"line":32,"column":5}}],"line":30},"4":{"loc":{"start":{"line":37,"column":4},"end":{"line":41,"column":5}},"type":"if","locations":[{"start":{"line":37,"column":4},"end":{"line":41,"column":5}},{"start":{"line":37,"column":4},"end":{"line":41,"column":5}}],"line":37},"5":{"loc":{"start":{"line":37,"column":8},"end":{"line":37,"column":61}},"type":"binary-expr","locations":[{"start":{"line":37,"column":8},"end":{"line":37,"column":31}},{"start":{"line":37,"column":35},"end":{"line":37,"column":61}}],"line":37},"6":{"loc":{"start":{"line":37,"column":37},"end":{"line":37,"column":54}},"type":"binary-expr","locations":[{"start":{"line":37,"column":37},"end":{"line":37,"column":48}},{"start":{"line":37,"column":52},"end":{"line":37,"column":54}}],"line":37},"7":{"loc":{"start":{"line":43,"column":4},"end":{"line":45,"column":54}},"type":"if","locations":[{"start":{"line":43,"column":4},"end":{"line":45,"column":54}},{"start":{"line":43,"column":4},"end":{"line":45,"column":54}}],"line":43},"8":{"loc":{"start":{"line":47,"column":4},"end":{"line":48,"column":52}},"type":"if","locations":[{"start":{"line":47,"column":4},"end":{"line":48,"column":52}},{"start":{"line":47,"column":4},"end":{"line":48,"column":52}}],"line":47},"9":{"loc":{"start":{"line":50,"column":4},"end":{"line":50,"column":47}},"type":"if","locations":[{"start":{"line":50,"column":4},"end":{"line":50,"column":47}},{"start":{"line":50,"column":4},"end":{"line":50,"column":47}}],"line":50}},"s":{"0":1,"1":1,"2":6,"3":1,"4":5,"5":5,"6":5,"7":5,"8":5,"9":5,"10":5,"11":5,"12":5,"13":5,"14":1,"15":4,"16":5,"17":1,"18":1,"19":1,"20":4,"21":0,"22":4,"23":4,"24":3,"25":1,"26":4,"27":0,"28":4},"f":{"0":6,"1":5,"2":5,"3":5},"b":{"0":[1,5],"1":[5,0],"2":[5,0],"3":[1,4],"4":[1,4],"5":[5,1],"6":[1,1],"7":[0,4],"8":[3,1],"9":[0,4]},"_coverageSchema":"43e27e138ebf9cfc5966b082cf9a028302ed4184","hash":"8ff36d1593cb4e58b54e83d8373f9d03170e82b4"}
}
