TN:
SF:C:\project\open-source\allOrigins\app.js
FN:25,enableCORS
FNF:1
FNH:1
FNDA:6,enableCORS
DA:7,1
DA:9,1
DA:12,1
DA:14,1
DA:16,1
DA:18,1
DA:19,1
DA:20,1
DA:22,1
DA:26,6
DA:27,6
DA:28,6
DA:29,6
DA:30,6
DA:31,6
DA:34,1
LF:16
LH:16
BRDA:26,0,0,6
BRDA:26,0,1,5
BRF:2
BRH:2
end_of_record
TN:
SF:C:\project\open-source\allOrigins\redis.js
FN:7,(anonymous_0)
FN:11,(anonymous_1)
FN:14,(anonymous_2)
FN:15,(anonymous_3)
FNF:4
FNH:2
FNDA:5,(anonymous_0)
FNDA:0,(anonymous_1)
FNDA:1,(anonymous_2)
FNDA:0,(anonymous_3)
DA:1,1
DA:2,1
DA:3,1
DA:4,1
DA:5,1
DA:7,1
DA:8,5
DA:11,1
DA:12,0
DA:14,1
DA:15,1
LF:11
LH:10
BRF:0
BRH:0
end_of_record
TN:
SF:C:\project\open-source\allOrigins\app\get-page.js
FN:8,getPage
FN:18,getPageInfo
FN:30,getRawPage
FN:42,getPageContents
FN:58,request
FN:102,processContent
FN:107,processError
FNF:7
FNH:7
FNDA:5,getPage
FNDA:1,getPageInfo
FNDA:1,getRawPage
FNDA:3,getPageContents
FNDA:5,request
FNDA:3,processContent
FNDA:1,processError
DA:1,1
DA:2,1
DA:4,1
DA:6,1
DA:9,5
DA:10,1
DA:11,4
DA:12,1
DA:15,3
DA:19,1
DA:20,1
DA:22,1
DA:31,1
DA:32,1
DA:34,1
DA:35,1
DA:43,3
DA:44,3
DA:46,2
DA:47,2
DA:59,5
DA:61,5
DA:62,5
DA:63,0
DA:64,0
DA:66,0
DA:74,0
DA:75,0
DA:76,0
DA:78,5
DA:84,5
DA:86,4
DA:87,3
DA:88,0
DA:96,3
DA:98,1
DA:103,3
DA:104,3
DA:108,1
DA:109,1
DA:111,1
DA:112,1
DA:114,1
LF:43
LH:36
BRDA:9,0,0,1
BRDA:9,0,1,4
BRDA:9,1,0,5
BRDA:9,1,1,4
BRDA:11,2,0,1
BRDA:11,2,1,3
BRDA:20,3,0,0
BRDA:20,3,1,1
BRDA:25,4,0,1
BRDA:25,4,1,1
BRDA:32,5,0,0
BRDA:32,5,1,1
BRDA:44,6,0,1
BRDA:44,6,1,2
BRDA:62,7,0,0
BRDA:62,7,1,5
BRDA:70,8,0,0
BRDA:70,8,1,0
BRDA:81,9,0,5
BRDA:81,9,1,5
BRDA:86,10,0,1
BRDA:86,10,1,3
BRDA:87,11,0,0
BRDA:87,11,1,3
BRDA:109,12,0,0
BRDA:109,12,1,1
BRF:26
BRH:19
end_of_record
TN:
SF:C:\project\open-source\allOrigins\app\process-request.js
FN:5,processRequest
FN:16,parseParams
FN:27,parseRequestMethod
FN:36,createResponse
FNF:4
FNH:4
FNDA:6,processRequest
FNDA:5,parseParams
FNDA:5,parseRequestMethod
FNDA:5,createResponse
DA:1,1
DA:3,1
DA:6,6
DA:7,1
DA:10,5
DA:11,5
DA:12,5
DA:13,5
DA:17,5
DA:22,5
DA:23,5
DA:24,5
DA:28,5
DA:30,5
DA:31,1
DA:33,4
DA:37,5
DA:38,1
DA:39,1
DA:40,1
DA:43,4
DA:44,0
DA:45,4
DA:47,4
DA:48,1
DA:50,4
DA:51,4
LF:27
LH:26
BRDA:6,0,0,1
BRDA:6,0,1,5
BRDA:23,1,0,5
BRDA:23,1,1,0
BRDA:28,2,0,5
BRDA:28,2,1,0
BRDA:30,3,0,1
BRDA:30,3,1,4
BRDA:37,4,0,1
BRDA:37,4,1,4
BRDA:37,5,0,5
BRDA:37,5,1,1
BRDA:37,6,0,1
BRDA:37,6,1,1
BRDA:43,7,0,0
BRDA:43,7,1,4
BRDA:47,8,0,3
BRDA:47,8,1,1
BRDA:50,9,0,0
BRDA:50,9,1,4
BRF:20
BRH:16
end_of_record
